Using pre-set license
Built from '2020.3/staging' branch; Version is '2020.3.13f1 (71691879b7f5) revision 7432472'; Using compiler version '192528614'; Build Type 'Release'
OS: 'Windows 10 Home Single Language; OS build 19042.1110; Version 2009; 64bit' Language: 'en' Physical Memory: 16233 MB
BatchMode: 1, IsHumanControllingUs: 0, StartBugReporterOnCrash: 0, Is64bit: 1, IsPro: 0

 COMMAND LINE ARGUMENTS:
C:\Program Files\Unity\Editor\2020.3.13f1\Editor\Unity.exe
-adb2
-batchMode
-noUpm
-name
AssetImportWorker0
-projectPath
D:/GI491/GI491/Maze
-logFile
Logs/AssetImportWorker0.log
-srvPort
64342
Successfully changed project path to: D:/GI491/GI491/Maze
D:/GI491/GI491/Maze
Using Asset Import Pipeline V2.
Refreshing native plugins compatible for Editor in 34.33 ms, found 2 plugins.
Preloading 0 native plugins for Editor in 0.00 ms.
Initialize engine version: 2020.3.13f1 (71691879b7f5)
[Subsystems] Discovering subsystems at path C:/Program Files/Unity/Editor/2020.3.13f1/Editor/Data/Resources/UnitySubsystems
[Subsystems] Discovering subsystems at path D:/GI491/GI491/Maze/Assets
GfxDevice: creating device client; threaded=0
Direct3D:
    Version:  Direct3D 11.0 [level 11.1]
    Renderer: NVIDIA GeForce RTX 2060 (ID=0x1f11)
    Vendor:   
    VRAM:     5980 MB
    Driver:   27.21.14.6647
Initialize mono
Mono path[0] = 'C:/Program Files/Unity/Editor/2020.3.13f1/Editor/Data/Managed'
Mono path[1] = 'C:/Program Files/Unity/Editor/2020.3.13f1/Editor/Data/MonoBleedingEdge/lib/mono/unityjit'
Mono config path = 'C:/Program Files/Unity/Editor/2020.3.13f1/Editor/Data/MonoBleedingEdge/etc'
Using monoOptions --debugger-agent=transport=dt_socket,embedding=1,server=y,suspend=n,address=127.0.0.1:56172
Begin MonoManager ReloadAssembly
Registering precompiled unity dll's ...
Register platform support module: C:/Program Files/Unity/Editor/2020.3.13f1/Editor/Data/PlaybackEngines/WebGLSupport/UnityEditor.WebGL.Extensions.dll
Register platform support module: C:/Program Files/Unity/Editor/2020.3.13f1/Editor/Data/PlaybackEngines/WindowsStandaloneSupport/UnityEditor.WindowsStandalone.Extensions.dll
Registered in 0.003259 seconds.
Native extension for WindowsStandalone target not found
Native extension for WebGL target not found
Refreshing native plugins compatible for Editor in 32.62 ms, found 2 plugins.
Preloading 0 native plugins for Editor in 0.00 ms.
Mono: successfully reloaded assembly
- Completed reload, in  1.408 seconds
Platform modules already initialized, skipping
Registering precompiled user dll's ...
Registered in 0.003373 seconds.
Begin MonoManager ReloadAssembly
Native extension for WindowsStandalone target not found
Native extension for WebGL target not found
Refreshing native plugins compatible for Editor in 0.35 ms, found 2 plugins.
Preloading 0 native plugins for Editor in 0.00 ms.
Mono: successfully reloaded assembly
- Completed reload, in  1.132 seconds
Platform modules already initialized, skipping
========================================================================
Worker process is ready to serve import requests
Launched and connected shader compiler UnityShaderCompiler.exe after 0.06 seconds
Refreshing native plugins compatible for Editor in 0.70 ms, found 2 plugins.
Preloading 0 native plugins for Editor in 0.00 ms.
Unloading 1598 Unused Serialized files (Serialized files now loaded: 0)
System memory in use before: 74.9 MB.
System memory in use after: 75.0 MB.

Unloading 20 unused Assets to reduce memory usage. Loaded Objects now: 2038.
Total: 2.672800 ms (FindLiveObjects: 0.182900 ms CreateObjectMapping: 0.068400 ms MarkObjects: 2.330200 ms  DeleteObjects: 0.089700 ms)

AssetImportParameters requested are different than current active one (requested -> active):
  custom:framework-win-MediaFoundation: 216162199b28c13a410421893ffa2e32 -> 
  custom:video-decoder-ogg-theora: a1e56fd34408186e4bbccfd4996cb3dc -> 
  custom:container-muxer-webm: aa71ff27fc2769a1b78a27578f13a17b -> 
  custom:container-demuxer-webm: 4f35f7cbe854078d1ac9338744f61a02 -> 
  custom:container-demuxer-ogg: 62fdf1f143b41e24485cea50d1cbac27 -> 
  custom:video-encoder-webm-vp8: eb34c28f22e8b96e1ab97ce403110664 -> 
  custom:video-codec-MediaFoundation-h265: 746d11721c4dcdbdad8f713fa42b33f4 -> 
  custom:video-decoder-webm-vp8: 9c59270c3fd7afecdb556c50c9e8de78 -> 
  custom:audio-decoder-ogg-vorbis: bf7c407c2cedff20999df2af8eb42d56 -> 
  custom:audio-encoder-webm-vorbis: bf7c407c2cedff20999df2af8eb42d56 -> 
========================================================================
Received Import Request.
  path: Assets/Scenes/Map01_Scene.unity
  artifactKey: Guid(73f4216008f96a54b8d6f56d161f9d44) Importer(815301076,1909f56bfc062723c751e8b465ee728b)
Start importing Assets/Scenes/Map01_Scene.unity using Guid(73f4216008f96a54b8d6f56d161f9d44) Importer(815301076,1909f56bfc062723c751e8b465ee728b)  -> (artifact id: 'd70ca39cfa4494c6fdac7e678e69f27d') in 0.014405 seconds 
  Import took 0.018211 seconds .

========================================================================
Received Import Request.
  Time since last request: 77.819401 seconds.
  path: Assets/Scenes/CharacterSelectionScene.unity
  artifactKey: Guid(24207a6b532fe8c48a4d0eab5d691a32) Importer(815301076,1909f56bfc062723c751e8b465ee728b)
Start importing Assets/Scenes/CharacterSelectionScene.unity using Guid(24207a6b532fe8c48a4d0eab5d691a32) Importer(815301076,1909f56bfc062723c751e8b465ee728b)  -> (artifact id: 'a930d848d34f369ac7373be5c7b11164') in 0.005276 seconds 
  Import took 0.008529 seconds .

========================================================================
Received Import Request.
  Time since last request: 53.319519 seconds.
  path: Assets/Prefab/Player_001.prefab
  artifactKey: Guid(7135ab77faf1b4946a59887c8bd523dc) Importer(815301076,1909f56bfc062723c751e8b465ee728b)
Start importing Assets/Prefab/Player_001.prefab using Guid(7135ab77faf1b4946a59887c8bd523dc) Importer(815301076,1909f56bfc062723c751e8b465ee728b)  -> (artifact id: '8c2b416c27108e6a94fe368b3a75625f') in 0.233731 seconds 
  Import took 0.238727 seconds .

========================================================================
Received Prepare
Registering precompiled user dll's ...
Registered in 0.004340 seconds.
Begin MonoManager ReloadAssembly
Native extension for WindowsStandalone target not found
Native extension for WebGL target not found
Refreshing native plugins compatible for Editor in 0.42 ms, found 2 plugins.
Preloading 0 native plugins for Editor in 0.00 ms.
[ScriptCompilation] NOT recompiling all scripts because this is an import worker process. Reason to compile was: Define symbols changed
Mono: successfully reloaded assembly
- Completed reload, in  1.132 seconds
Platform modules already initialized, skipping
Refreshing native plugins compatible for Editor in 0.46 ms, found 2 plugins.
Preloading 0 native plugins for Editor in 0.00 ms.
Unloading 1698 Unused Serialized files (Serialized files now loaded: 0)
System memory in use before: 97.7 MB.
System memory in use after: 95.8 MB.

Unloading 42 unused Assets to reduce memory usage. Loaded Objects now: 2142.
Total: 3.146000 ms (FindLiveObjects: 0.170700 ms CreateObjectMapping: 0.053000 ms MarkObjects: 2.338000 ms  DeleteObjects: 0.582900 ms)

AssetImportParameters requested are different than current active one (requested -> active):
  custom:framework-win-MediaFoundation: 216162199b28c13a410421893ffa2e32 -> 
  custom:video-decoder-ogg-theora: a1e56fd34408186e4bbccfd4996cb3dc -> 
  custom:container-muxer-webm: aa71ff27fc2769a1b78a27578f13a17b -> 
  custom:container-demuxer-webm: 4f35f7cbe854078d1ac9338744f61a02 -> 
  custom:container-demuxer-ogg: 62fdf1f143b41e24485cea50d1cbac27 -> 
  custom:video-encoder-webm-vp8: eb34c28f22e8b96e1ab97ce403110664 -> 
  custom:video-codec-MediaFoundation-h265: 746d11721c4dcdbdad8f713fa42b33f4 -> 
  custom:video-decoder-webm-vp8: 9c59270c3fd7afecdb556c50c9e8de78 -> 
  custom:audio-decoder-ogg-vorbis: bf7c407c2cedff20999df2af8eb42d56 -> 
  custom:audio-encoder-webm-vorbis: bf7c407c2cedff20999df2af8eb42d56 -> 
========================================================================
Received Import Request.
  Time since last request: 195.558089 seconds.
  path: Assets/Scenes/Map01_Scene_Profiles/Main Camera Profile.asset
  artifactKey: Guid(66ec708c41701be4ca0a1f2fc247f41a) Importer(815301076,1909f56bfc062723c751e8b465ee728b)
Start importing Assets/Scenes/Map01_Scene_Profiles/Main Camera Profile.asset using Guid(66ec708c41701be4ca0a1f2fc247f41a) Importer(815301076,1909f56bfc062723c751e8b465ee728b)  -> (artifact id: '286f1a212cd15f2a0196079febb5b326') in 0.021330 seconds 
  Import took 0.025003 seconds .

========================================================================
Received Import Request.
  Time since last request: 4.038487 seconds.
  path: Assets/Scenes/Map01_Scene_Profiles/Main Camera Profile.asset
  artifactKey: Guid(66ec708c41701be4ca0a1f2fc247f41a) Importer(815301076,1909f56bfc062723c751e8b465ee728b)
Start importing Assets/Scenes/Map01_Scene_Profiles/Main Camera Profile.asset using Guid(66ec708c41701be4ca0a1f2fc247f41a) Importer(815301076,1909f56bfc062723c751e8b465ee728b)  -> (artifact id: '728c8a83249fee6a2c7376a6dc98ed52') in 0.010756 seconds 
  Import took 0.015089 seconds .

========================================================================
Received Import Request.
  Time since last request: 0.000398 seconds.
  path: Assets/Scenes/Map01_Scene_Profiles/Main Camera Profile.asset
  artifactKey: Guid(66ec708c41701be4ca0a1f2fc247f41a) Importer(815301076,1909f56bfc062723c751e8b465ee728b)
Start importing Assets/Scenes/Map01_Scene_Profiles/Main Camera Profile.asset using Guid(66ec708c41701be4ca0a1f2fc247f41a) Importer(815301076,1909f56bfc062723c751e8b465ee728b)  -> (artifact id: '728c8a83249fee6a2c7376a6dc98ed52') in 0.003357 seconds 
  Import took 0.006668 seconds .

========================================================================
Received Import Request.
  Time since last request: 15.133796 seconds.
  path: Assets/Scenes/Map01_Scene_Profiles/Main Camera Profile.asset
  artifactKey: Guid(66ec708c41701be4ca0a1f2fc247f41a) Importer(815301076,1909f56bfc062723c751e8b465ee728b)
Start importing Assets/Scenes/Map01_Scene_Profiles/Main Camera Profile.asset using Guid(66ec708c41701be4ca0a1f2fc247f41a) Importer(815301076,1909f56bfc062723c751e8b465ee728b)  -> (artifact id: '050cc6e17c1b1539844ecd037c25652c') in 0.004041 seconds 
  Import took 0.007863 seconds .

========================================================================
Received Import Request.
  Time since last request: 3.974829 seconds.
  path: Assets/Scenes/Map01_Scene_Profiles
  artifactKey: Guid(9450755510d4ae648b9c852c766eecd7) Importer(815301076,1909f56bfc062723c751e8b465ee728b)
Start importing Assets/Scenes/Map01_Scene_Profiles using Guid(9450755510d4ae648b9c852c766eecd7) Importer(815301076,1909f56bfc062723c751e8b465ee728b)  -> (artifact id: '375e407e4c78fa125238738aa97cdfea') in 0.003590 seconds 
  Import took 0.006869 seconds .

========================================================================
Received Import Request.
  Time since last request: 43.564826 seconds.
  path: Assets/Scenes/CharacterSelectionScene_Profiles/Main Camera Profile.asset
  artifactKey: Guid(9187e95063d37794cb2c4380e2435cfd) Importer(815301076,1909f56bfc062723c751e8b465ee728b)
Start importing Assets/Scenes/CharacterSelectionScene_Profiles/Main Camera Profile.asset using Guid(9187e95063d37794cb2c4380e2435cfd) Importer(815301076,1909f56bfc062723c751e8b465ee728b)  -> (artifact id: 'd01d8d9da63983fa897c4a31cf2f7d61') in 0.004154 seconds 
  Import took 0.008681 seconds .

========================================================================
Received Import Request.
  Time since last request: 0.000925 seconds.
  path: Assets/Scenes/CharacterSelectionScene_Profiles/Main Camera Profile.asset
  artifactKey: Guid(9187e95063d37794cb2c4380e2435cfd) Importer(815301076,1909f56bfc062723c751e8b465ee728b)
Start importing Assets/Scenes/CharacterSelectionScene_Profiles/Main Camera Profile.asset using Guid(9187e95063d37794cb2c4380e2435cfd) Importer(815301076,1909f56bfc062723c751e8b465ee728b)  -> (artifact id: 'd01d8d9da63983fa897c4a31cf2f7d61') in 0.004669 seconds 
  Import took 0.008197 seconds .

========================================================================
Received Import Request.
  Time since last request: 3.865108 seconds.
  path: Assets/Scenes/CharacterSelectionScene_Profiles/Main Camera Profile.asset
  artifactKey: Guid(9187e95063d37794cb2c4380e2435cfd) Importer(815301076,1909f56bfc062723c751e8b465ee728b)
Start importing Assets/Scenes/CharacterSelectionScene_Profiles/Main Camera Profile.asset using Guid(9187e95063d37794cb2c4380e2435cfd) Importer(815301076,1909f56bfc062723c751e8b465ee728b)  -> (artifact id: '865c0e77a1b0257d10e76a0a2aef4dd2') in 0.004521 seconds 
  Import took 0.008313 seconds .

========================================================================
Received Import Request.
  Time since last request: 156.892900 seconds.
  path: Assets/Scenes/Map01_Scene.unity
  artifactKey: Guid(73f4216008f96a54b8d6f56d161f9d44) Importer(815301076,1909f56bfc062723c751e8b465ee728b)
Start importing Assets/Scenes/Map01_Scene.unity using Guid(73f4216008f96a54b8d6f56d161f9d44) Importer(815301076,1909f56bfc062723c751e8b465ee728b)  -> (artifact id: '64936a00fbc0539e64c2219f22163168') in 0.004971 seconds 
  Import took 0.008952 seconds .

========================================================================
Received Import Request.
  Time since last request: 1143.318751 seconds.
  path: Assets/Resources/Item/Traps/boom/bombtrap_bomb trap_Albedo.png
  artifactKey: Guid(79ef15571ee34ff429842100ccf305ea) Importer(815301076,1909f56bfc062723c751e8b465ee728b)
Start importing Assets/Resources/Item/Traps/boom/bombtrap_bomb trap_Albedo.png using Guid(79ef15571ee34ff429842100ccf305ea) Importer(815301076,1909f56bfc062723c751e8b465ee728b)  -> (artifact id: 'b6d94ba67eac119555303c89159c850f') in 0.056499 seconds 
  Import took 0.059896 seconds .

========================================================================
Received Import Request.
  Time since last request: 0.000306 seconds.
  path: Assets/Resources/Item/Traps/boom/bombtrap_bomb trap_Emissive.png
  artifactKey: Guid(bea221e4ca217c745baa626287d66f65) Importer(815301076,1909f56bfc062723c751e8b465ee728b)
Start importing Assets/Resources/Item/Traps/boom/bombtrap_bomb trap_Emissive.png using Guid(bea221e4ca217c745baa626287d66f65) Importer(815301076,1909f56bfc062723c751e8b465ee728b)  -> (artifact id: '39d006c7f82b7f4dcdeee1f4eeb620e6') in 0.010756 seconds 
  Import took 0.013678 seconds .

========================================================================
Received Import Request.
  Time since last request: 0.000251 seconds.
  path: Assets/Resources/Item/Traps/boom/bombtrap_bomb trap_Normal.png
  artifactKey: Guid(560788897fb048c4fa4f723425477145) Importer(815301076,1909f56bfc062723c751e8b465ee728b)
Start importing Assets/Resources/Item/Traps/boom/bombtrap_bomb trap_Normal.png using Guid(560788897fb048c4fa4f723425477145) Importer(815301076,1909f56bfc062723c751e8b465ee728b)  -> (artifact id: 'dd810ae3927dc1cd43a6bb62c5de3b8b') in 0.026688 seconds 
  Import took 0.030698 seconds .

========================================================================
Received Import Request.
  Time since last request: 0.000296 seconds.
  path: Assets/Resources/Item/Traps/boom/bombtrap_bomb trap_AO.png
  artifactKey: Guid(3ac9e6c1e11d6054abb4de1dbc917632) Importer(815301076,1909f56bfc062723c751e8b465ee728b)
Start importing Assets/Resources/Item/Traps/boom/bombtrap_bomb trap_AO.png using Guid(3ac9e6c1e11d6054abb4de1dbc917632) Importer(815301076,1909f56bfc062723c751e8b465ee728b)  -> (artifact id: 'fe1f7095f478f71a6126eee0b64e1776') in 0.012930 seconds 
  Import took 0.016302 seconds .

========================================================================
Received Import Request.
  Time since last request: 0.000276 seconds.
  path: Assets/Resources/Item/Traps/boom/bombtrap_bomb trap_Metalic.png
  artifactKey: Guid(d041c334224eed64da1c55a7b6ff7a79) Importer(815301076,1909f56bfc062723c751e8b465ee728b)
Start importing Assets/Resources/Item/Traps/boom/bombtrap_bomb trap_Metalic.png using Guid(d041c334224eed64da1c55a7b6ff7a79) Importer(815301076,1909f56bfc062723c751e8b465ee728b)  -> (artifact id: 'a1e077c24ada3486a638297689fa11e4') in 0.015017 seconds 
  Import took 0.018103 seconds .

========================================================================
Received Import Request.
  Time since last request: 0.000526 seconds.
  path: Assets/Resources/Item/Traps/boom/bombtrap_bomb trap_Height.png
  artifactKey: Guid(e59744b9d2fae5446ad2aa9459169f95) Importer(815301076,1909f56bfc062723c751e8b465ee728b)
Start importing Assets/Resources/Item/Traps/boom/bombtrap_bomb trap_Height.png using Guid(e59744b9d2fae5446ad2aa9459169f95) Importer(815301076,1909f56bfc062723c751e8b465ee728b)  -> (artifact id: '61db4514949807581f12506105ec6a53') in 0.012770 seconds 
  Import took 0.015666 seconds .

========================================================================
Received Import Request.
  Time since last request: 0.000228 seconds.
  path: Assets/Resources/Item/Traps/boom/bombtrap_bomb trap_Albedo.png
  artifactKey: Guid(79ef15571ee34ff429842100ccf305ea) Importer(815301076,1909f56bfc062723c751e8b465ee728b)
Start importing Assets/Resources/Item/Traps/boom/bombtrap_bomb trap_Albedo.png using Guid(79ef15571ee34ff429842100ccf305ea) Importer(815301076,1909f56bfc062723c751e8b465ee728b)  -> (artifact id: 'b6d94ba67eac119555303c89159c850f') in 0.011987 seconds 
  Import took 0.015526 seconds .

========================================================================
Received Import Request.
  Time since last request: 2.365031 seconds.
  path: Assets/TextMesh Pro/Sprites/EmojiOne.png
  artifactKey: Guid(dffef66376be4fa480fb02b19edbe903) Importer(815301076,1909f56bfc062723c751e8b465ee728b)
Start importing Assets/TextMesh Pro/Sprites/EmojiOne.png using Guid(dffef66376be4fa480fb02b19edbe903) Importer(815301076,1909f56bfc062723c751e8b465ee728b)  -> (artifact id: 'd78a27303d38c5bc73b55289faa0930d') in 0.010568 seconds 
  Import took 0.013466 seconds .

========================================================================
Received Import Request.
  Time since last request: 0.001725 seconds.
  path: Assets/TextMesh Pro/Sprites/EmojiOne.png
  artifactKey: Guid(dffef66376be4fa480fb02b19edbe903) Importer(815301076,1909f56bfc062723c751e8b465ee728b)
Start importing Assets/TextMesh Pro/Sprites/EmojiOne.png using Guid(dffef66376be4fa480fb02b19edbe903) Importer(815301076,1909f56bfc062723c751e8b465ee728b)  -> (artifact id: 'd78a27303d38c5bc73b55289faa0930d') in 0.011624 seconds 
  Import took 0.014599 seconds .

========================================================================
Received Import Request.
  Time since last request: 0.000439 seconds.
  path: Assets/Maps/Texturepacks/Floor/floor01Type2/floor1_lambert1_Albedo.png
  artifactKey: Guid(aee0bc6582038e1428bd1f1b9802da2b) Importer(815301076,1909f56bfc062723c751e8b465ee728b)
Start importing Assets/Maps/Texturepacks/Floor/floor01Type2/floor1_lambert1_Albedo.png using Guid(aee0bc6582038e1428bd1f1b9802da2b) Importer(815301076,1909f56bfc062723c751e8b465ee728b)  -> (artifact id: '872931effde4af06ac63dda71cd5e55a') in 0.016754 seconds 
  Import took 0.019981 seconds .

========================================================================
Received Import Request.
  Time since last request: 0.000284 seconds.
  path: Assets/Maps/Texturepacks/Floor/floor02Type2/floor1_lambert1_Albedo.png
  artifactKey: Guid(d9d9ac029a9c0ea44a6b202dbb9df196) Importer(815301076,1909f56bfc062723c751e8b465ee728b)
Start importing Assets/Maps/Texturepacks/Floor/floor02Type2/floor1_lambert1_Albedo.png using Guid(d9d9ac029a9c0ea44a6b202dbb9df196) Importer(815301076,1909f56bfc062723c751e8b465ee728b)  -> (artifact id: 'f64de4eaaf449c21167b026f39aa6989') in 0.019601 seconds 
  Import took 0.022447 seconds .

========================================================================
Received Import Request.
  Time since last request: 0.004643 seconds.
  path: Assets/Maps/Texturepacks/Floor/floor01Type2/floor1_lambert1_Albedo.png
  artifactKey: Guid(aee0bc6582038e1428bd1f1b9802da2b) Importer(815301076,1909f56bfc062723c751e8b465ee728b)
Start importing Assets/Maps/Texturepacks/Floor/floor01Type2/floor1_lambert1_Albedo.png using Guid(aee0bc6582038e1428bd1f1b9802da2b) Importer(815301076,1909f56bfc062723c751e8b465ee728b)  -> (artifact id: '872931effde4af06ac63dda71cd5e55a') in 0.010617 seconds 
  Import took 0.014235 seconds .

========================================================================
Received Import Request.
  Time since last request: 0.722131 seconds.
  path: Assets/Maps/Texturepacks/Floor/floor01Type2/floor1_lambert1_Emissive.png
  artifactKey: Guid(905f3ac427e5113448555909e1190f15) Importer(815301076,1909f56bfc062723c751e8b465ee728b)
Start importing Assets/Maps/Texturepacks/Floor/floor01Type2/floor1_lambert1_Emissive.png using Guid(905f3ac427e5113448555909e1190f15) Importer(815301076,1909f56bfc062723c751e8b465ee728b)  -> (artifact id: '7c047c0ca825f4d07f85c5e2b59a03d8') in 0.009774 seconds 
  Import took 0.013356 seconds .

========================================================================
Received Import Request.
  Time since last request: 0.000304 seconds.
  path: Assets/Maps/Texturepacks/Floor/floor02Type2/floor1_lambert1_Emissive.png
  artifactKey: Guid(dafbc81d28c9bec448beedb5812b9dee) Importer(815301076,1909f56bfc062723c751e8b465ee728b)
Start importing Assets/Maps/Texturepacks/Floor/floor02Type2/floor1_lambert1_Emissive.png using Guid(dafbc81d28c9bec448beedb5812b9dee) Importer(815301076,1909f56bfc062723c751e8b465ee728b)  -> (artifact id: '98166c834f2ac817b3dc1b8d435265b7') in 0.010680 seconds 
  Import took 0.013657 seconds .

========================================================================
Received Import Request.
  Time since last request: 0.014386 seconds.
  path: Assets/Maps/Texturepacks/Floor/floor01Type2/floor1_lambert1_Height.png
  artifactKey: Guid(4ee04c9e78c4feb4390046965138d9cb) Importer(815301076,1909f56bfc062723c751e8b465ee728b)
Start importing Assets/Maps/Texturepacks/Floor/floor01Type2/floor1_lambert1_Height.png using Guid(4ee04c9e78c4feb4390046965138d9cb) Importer(815301076,1909f56bfc062723c751e8b465ee728b)  -> (artifact id: 'd77a389eb8d6ef8972b9e9add6144312') in 0.012444 seconds 
  Import took 0.015537 seconds .

========================================================================
Received Import Request.
  Time since last request: 0.000275 seconds.
  path: Assets/Maps/Texturepacks/Floor/floor02Type2/floor1_lambert1_Height.png
  artifactKey: Guid(1712b990820a3a14393ee9eaecc644a4) Importer(815301076,1909f56bfc062723c751e8b465ee728b)
Start importing Assets/Maps/Texturepacks/Floor/floor02Type2/floor1_lambert1_Height.png using Guid(1712b990820a3a14393ee9eaecc644a4) Importer(815301076,1909f56bfc062723c751e8b465ee728b)  -> (artifact id: 'e5ee68caab6b371e778930c2df175e39') in 0.013786 seconds 
  Import took 0.017504 seconds .

========================================================================
Received Import Request.
  Time since last request: 0.001153 seconds.
  path: Assets/Maps/Texturepacks/Floor/floor02Type2/floor1_lambert1_Height.png
  artifactKey: Guid(1712b990820a3a14393ee9eaecc644a4) Importer(815301076,1909f56bfc062723c751e8b465ee728b)
Start importing Assets/Maps/Texturepacks/Floor/floor02Type2/floor1_lambert1_Height.png using Guid(1712b990820a3a14393ee9eaecc644a4) Importer(815301076,1909f56bfc062723c751e8b465ee728b)  -> (artifact id: 'e5ee68caab6b371e778930c2df175e39') in 0.013531 seconds 
  Import took 0.017768 seconds .

========================================================================
Received Import Request.
  Time since last request: 0.000294 seconds.
  path: Assets/Maps/Texturepacks/Floor/floor01Type2/floor1_lambert1_Normal.png
  artifactKey: Guid(39970a1b64f124948adfd6163d778bb8) Importer(815301076,1909f56bfc062723c751e8b465ee728b)
Start importing Assets/Maps/Texturepacks/Floor/floor01Type2/floor1_lambert1_Normal.png using Guid(39970a1b64f124948adfd6163d778bb8) Importer(815301076,1909f56bfc062723c751e8b465ee728b)  -> (artifact id: 'c0866320fc1f98c6397212fc17e9b64d') in 0.014953 seconds 
  Import took 0.019846 seconds .

========================================================================
Received Import Request.
  Time since last request: 0.000453 seconds.
  path: Assets/Maps/Texturepacks/Floor/floor02Type2/floor1_lambert1_Normal.png
  artifactKey: Guid(e3dd83ba48bce2a4fbf2906c8cd68b1e) Importer(815301076,1909f56bfc062723c751e8b465ee728b)
Start importing Assets/Maps/Texturepacks/Floor/floor02Type2/floor1_lambert1_Normal.png using Guid(e3dd83ba48bce2a4fbf2906c8cd68b1e) Importer(815301076,1909f56bfc062723c751e8b465ee728b)  -> (artifact id: 'bee24994d787a405dfda097795dba511') in 0.021261 seconds 
  Import took 0.024204 seconds .

========================================================================
Received Import Request.
  Time since last request: 0.000267 seconds.
  path: Assets/Maps/Texturepacks/Floor/floor01Type2/floor1_lambert1_Metalic.png
  artifactKey: Guid(e11ac9d9641c8e045bc21b10beb394bd) Importer(815301076,1909f56bfc062723c751e8b465ee728b)
Start importing Assets/Maps/Texturepacks/Floor/floor01Type2/floor1_lambert1_Metalic.png using Guid(e11ac9d9641c8e045bc21b10beb394bd) Importer(815301076,1909f56bfc062723c751e8b465ee728b)  -> (artifact id: '8fa96e58e7af965ae3d3baaa2796ab7c') in 0.013063 seconds 
  Import took 0.017020 seconds .

========================================================================
Received Import Request.
  Time since last request: 0.000259 seconds.
  path: Assets/Maps/Texturepacks/Floor/floor02Type2/floor1_lambert1_Metalic.png
  artifactKey: Guid(5f1dc5ab23a145a45b5438f6436a6e98) Importer(815301076,1909f56bfc062723c751e8b465ee728b)
Start importing Assets/Maps/Texturepacks/Floor/floor02Type2/floor1_lambert1_Metalic.png using Guid(5f1dc5ab23a145a45b5438f6436a6e98) Importer(815301076,1909f56bfc062723c751e8b465ee728b)  -> (artifact id: '4775333e06ad9aa5dfa77c3c6b434174') in 0.013879 seconds 
  Import took 0.016776 seconds .

========================================================================
Received Import Request.
  Time since last request: 0.372110 seconds.
  path: Assets/Resources/electric/Particles/Lighting1.png
  artifactKey: Guid(983f90f3764d16b4abab36e4164020fa) Importer(815301076,1909f56bfc062723c751e8b465ee728b)
Start importing Assets/Resources/electric/Particles/Lighting1.png using Guid(983f90f3764d16b4abab36e4164020fa) Importer(815301076,1909f56bfc062723c751e8b465ee728b)  -> (artifact id: 'bc42980892dbf7ee7d096e00052c6426') in 0.012287 seconds 
  Import took 0.016090 seconds .

========================================================================
Received Import Request.
  Time since last request: 0.042543 seconds.
  path: Assets/Scenes/Map01_Scene/Lightmap-0_comp_dir.png
  artifactKey: Guid(3f8d6b016e906eb4dbe5addee5d77d61) Importer(815301076,1909f56bfc062723c751e8b465ee728b)
Start importing Assets/Scenes/Map01_Scene/Lightmap-0_comp_dir.png using Guid(3f8d6b016e906eb4dbe5addee5d77d61) Importer(815301076,1909f56bfc062723c751e8b465ee728b)  -> (artifact id: '55dc0ea7eff6fd22c79664da41672dca') in 0.011247 seconds 
  Import took 0.014106 seconds .

========================================================================
Received Import Request.
  Time since last request: 0.000340 seconds.
  path: Assets/Scenes/Map01_Scene/Lightmap-0_comp_light.exr
  artifactKey: Guid(f959cf54a704dc24abd789e32e576aaf) Importer(815301076,1909f56bfc062723c751e8b465ee728b)
Start importing Assets/Scenes/Map01_Scene/Lightmap-0_comp_light.exr using Guid(f959cf54a704dc24abd789e32e576aaf) Importer(815301076,1909f56bfc062723c751e8b465ee728b)  -> (artifact id: 'a6e0811c36de2116383c2504b533a1c9') in 0.018068 seconds 
  Import took 0.022365 seconds .

========================================================================
Received Import Request.
  Time since last request: 0.000365 seconds.
  path: Assets/Scenes/Map01_Scene/Lightmap-0_comp_dir.png
  artifactKey: Guid(3f8d6b016e906eb4dbe5addee5d77d61) Importer(815301076,1909f56bfc062723c751e8b465ee728b)
Start importing Assets/Scenes/Map01_Scene/Lightmap-0_comp_dir.png using Guid(3f8d6b016e906eb4dbe5addee5d77d61) Importer(815301076,1909f56bfc062723c751e8b465ee728b)  -> (artifact id: '55dc0ea7eff6fd22c79664da41672dca') in 0.012103 seconds 
  Import took 0.015078 seconds .

========================================================================
Received Import Request.
  Time since last request: 0.005901 seconds.
  path: Assets/Scenes/Map01_Scene/Lightmap-0_comp_light.exr
  artifactKey: Guid(f959cf54a704dc24abd789e32e576aaf) Importer(815301076,1909f56bfc062723c751e8b465ee728b)
Start importing Assets/Scenes/Map01_Scene/Lightmap-0_comp_light.exr using Guid(f959cf54a704dc24abd789e32e576aaf) Importer(815301076,1909f56bfc062723c751e8b465ee728b)  -> (artifact id: 'a6e0811c36de2116383c2504b533a1c9') in 0.010114 seconds 
  Import took 0.013671 seconds .

========================================================================
Received Import Request.
  Time since last request: 33.331433 seconds.
  path: Assets/Scenes/CharacterSelectionScene.unity
  artifactKey: Guid(24207a6b532fe8c48a4d0eab5d691a32) Importer(815301076,1909f56bfc062723c751e8b465ee728b)
Start importing Assets/Scenes/CharacterSelectionScene.unity using Guid(24207a6b532fe8c48a4d0eab5d691a32) Importer(815301076,1909f56bfc062723c751e8b465ee728b)  -> (artifact id: '296c48d24c7ac218f91e140a76e7b111') in 0.003402 seconds 
  Import took 0.007195 seconds .

========================================================================
Received Import Request.
  Time since last request: 13.720496 seconds.
  path: Assets/Scenes/Map01_Scene.unity
  artifactKey: Guid(73f4216008f96a54b8d6f56d161f9d44) Importer(815301076,1909f56bfc062723c751e8b465ee728b)
Start importing Assets/Scenes/Map01_Scene.unity using Guid(73f4216008f96a54b8d6f56d161f9d44) Importer(815301076,1909f56bfc062723c751e8b465ee728b)  -> (artifact id: '97136b1df25dffe9e24deb143cae3de8') in 0.003783 seconds 
  Import took 0.007372 seconds .

========================================================================
Received Prepare
Registering precompiled user dll's ...
Registered in 0.003262 seconds.
Begin MonoManager ReloadAssembly
Native extension for WindowsStandalone target not found
Native extension for WebGL target not found
Refreshing native plugins compatible for Editor in 0.47 ms, found 2 plugins.
Preloading 0 native plugins for Editor in 0.00 ms.
Mono: successfully reloaded assembly
- Completed reload, in  1.046 seconds
Platform modules already initialized, skipping
Refreshing native plugins compatible for Editor in 0.43 ms, found 2 plugins.
Preloading 0 native plugins for Editor in 0.00 ms.
Unloading 1698 Unused Serialized files (Serialized files now loaded: 0)
System memory in use before: 97.9 MB.
System memory in use after: 95.9 MB.

Unloading 42 unused Assets to reduce memory usage. Loaded Objects now: 2150.
Total: 3.256600 ms (FindLiveObjects: 0.198000 ms CreateObjectMapping: 0.103500 ms MarkObjects: 2.299100 ms  DeleteObjects: 0.654000 ms)

AssetImportParameters requested are different than current active one (requested -> active):
  custom:framework-win-MediaFoundation: 216162199b28c13a410421893ffa2e32 -> 
  custom:video-decoder-ogg-theora: a1e56fd34408186e4bbccfd4996cb3dc -> 
  custom:container-muxer-webm: aa71ff27fc2769a1b78a27578f13a17b -> 
  custom:container-demuxer-webm: 4f35f7cbe854078d1ac9338744f61a02 -> 
  custom:container-demuxer-ogg: 62fdf1f143b41e24485cea50d1cbac27 -> 
  custom:video-encoder-webm-vp8: eb34c28f22e8b96e1ab97ce403110664 -> 
  custom:video-codec-MediaFoundation-h265: 746d11721c4dcdbdad8f713fa42b33f4 -> 
  custom:video-decoder-webm-vp8: 9c59270c3fd7afecdb556c50c9e8de78 -> 
  custom:audio-decoder-ogg-vorbis: bf7c407c2cedff20999df2af8eb42d56 -> 
  custom:audio-encoder-webm-vorbis: bf7c407c2cedff20999df2af8eb42d56 -> 
========================================================================
Received Import Request.
  Time since last request: 112.678826 seconds.
  path: Assets/Scenes/Map01_Scene.unity
  artifactKey: Guid(73f4216008f96a54b8d6f56d161f9d44) Importer(815301076,1909f56bfc062723c751e8b465ee728b)
Start importing Assets/Scenes/Map01_Scene.unity using Guid(73f4216008f96a54b8d6f56d161f9d44) Importer(815301076,1909f56bfc062723c751e8b465ee728b)  -> (artifact id: '5120af0aace92aa5e53a89a47ff7f9ab') in 0.015802 seconds 
  Import took 0.019501 seconds .

========================================================================
Received Prepare
Registering precompiled user dll's ...
Registered in 0.003572 seconds.
Begin MonoManager ReloadAssembly
Native extension for WindowsStandalone target not found
Native extension for WebGL target not found
Refreshing native plugins compatible for Editor in 0.41 ms, found 2 plugins.
Preloading 0 native plugins for Editor in 0.00 ms.
Mono: successfully reloaded assembly
- Completed reload, in  1.239 seconds
Platform modules already initialized, skipping
Refreshing native plugins compatible for Editor in 0.70 ms, found 2 plugins.
Preloading 0 native plugins for Editor in 0.00 ms.
Unloading 1698 Unused Serialized files (Serialized files now loaded: 0)
System memory in use before: 97.9 MB.
System memory in use after: 96.0 MB.

Unloading 42 unused Assets to reduce memory usage. Loaded Objects now: 2153.
Total: 3.342200 ms (FindLiveObjects: 0.195500 ms CreateObjectMapping: 0.077200 ms MarkObjects: 2.397400 ms  DeleteObjects: 0.670400 ms)

AssetImportParameters requested are different than current active one (requested -> active):
  custom:framework-win-MediaFoundation: 216162199b28c13a410421893ffa2e32 -> 
  custom:video-decoder-ogg-theora: a1e56fd34408186e4bbccfd4996cb3dc -> 
  custom:container-muxer-webm: aa71ff27fc2769a1b78a27578f13a17b -> 
  custom:container-demuxer-webm: 4f35f7cbe854078d1ac9338744f61a02 -> 
  custom:container-demuxer-ogg: 62fdf1f143b41e24485cea50d1cbac27 -> 
  custom:video-encoder-webm-vp8: eb34c28f22e8b96e1ab97ce403110664 -> 
  custom:video-codec-MediaFoundation-h265: 746d11721c4dcdbdad8f713fa42b33f4 -> 
  custom:video-decoder-webm-vp8: 9c59270c3fd7afecdb556c50c9e8de78 -> 
  custom:audio-decoder-ogg-vorbis: bf7c407c2cedff20999df2af8eb42d56 -> 
  custom:audio-encoder-webm-vorbis: bf7c407c2cedff20999df2af8eb42d56 -> 
========================================================================
Received Import Request.
  Time since last request: 257.291693 seconds.
  path: Assets/Scenes/Map01_Scene.unity
  artifactKey: Guid(73f4216008f96a54b8d6f56d161f9d44) Importer(815301076,1909f56bfc062723c751e8b465ee728b)
Start importing Assets/Scenes/Map01_Scene.unity using Guid(73f4216008f96a54b8d6f56d161f9d44) Importer(815301076,1909f56bfc062723c751e8b465ee728b)  -> (artifact id: '574cb352a1f421fc3b177eeb6d649feb') in 0.017606 seconds 
  Import took 0.020569 seconds .

========================================================================
Received Import Request.
  Time since last request: 0.622311 seconds.
  path: Assets/Scenes/Map02_Scene.unity
  artifactKey: Guid(d31eb37bd27b4164e89b643067ac1342) Importer(815301076,1909f56bfc062723c751e8b465ee728b)
Start importing Assets/Scenes/Map02_Scene.unity using Guid(d31eb37bd27b4164e89b643067ac1342) Importer(815301076,1909f56bfc062723c751e8b465ee728b)  -> (artifact id: '9739b1dffda5def3e1e2e8c61ad59c39') in 0.003524 seconds 
  Import took 0.007456 seconds .

========================================================================
Received Import Request.
  Time since last request: 3.807450 seconds.
  path: Assets/Scenes/Map03_Scene.unity
  artifactKey: Guid(f48ff06f030313d4384b70bb51897ea2) Importer(815301076,1909f56bfc062723c751e8b465ee728b)
Start importing Assets/Scenes/Map03_Scene.unity using Guid(f48ff06f030313d4384b70bb51897ea2) Importer(815301076,1909f56bfc062723c751e8b465ee728b)  -> (artifact id: '551a2b533073e5cc1e8e8b77a36f5bcb') in 0.004447 seconds 
  Import took 0.008416 seconds .

========================================================================
Received Import Request.
  Time since last request: 16.890755 seconds.
  path: Assets/Resources/Item
  artifactKey: Guid(b27061baf4e249e4e91799609236e42f) Importer(815301076,1909f56bfc062723c751e8b465ee728b)
Start importing Assets/Resources/Item using Guid(b27061baf4e249e4e91799609236e42f) Importer(815301076,1909f56bfc062723c751e8b465ee728b)  -> (artifact id: 'a0e074168333080c99191c3cd42be3d1') in 0.003334 seconds 
  Import took 0.006817 seconds .

